<?xml version="1.0" encoding="UTF-8"?>
<!-- Generated by org.testng.reporters.JUnitXMLReporter -->
<testsuite ignored="0" hostname="DESKTOP-B3ICOIK" failures="0" tests="2" name="BankingApp Test" time="58.025" errors="0" timestamp="2023-06-26T00:27:34 IST">
  <testcase classname="com.inetbanking.testCases.TC_LoginTest_001" name="loginTest" time="4.928"/>
  <testcase classname="com.inetbanking.testCases.TC_AddCustomerTest_003" name="addNewCustomer" time="30.917"/>
</testsuite> <!-- BankingApp Test -->
