<?xml version="1.0" encoding="UTF-8"?>
<testng-results ignored="0" total="2" passed="2" failed="0" skipped="0">
  <reporter-output>
  </reporter-output>
  <suite started-at="2023-06-26T00:26:36 IST" name="InetBankingV1" finished-at="2023-06-26T00:27:34 IST" duration-ms="58025">
    <groups>
    </groups>
    <test started-at="2023-06-26T00:26:36 IST" name="BankingApp Test" finished-at="2023-06-26T00:27:34 IST" duration-ms="58025">
      <class name="com.inetbanking.testCases.TC_LoginTest_001">
        <test-method is-config="true" signature="setup(java.lang.String)[pri:0, instance:com.inetbanking.testCases.TC_LoginTest_001@36c88a32]" started-at="2023-06-26T00:26:37 IST" name="setup" finished-at="2023-06-26T00:26:48 IST" duration-ms="11380" status="PASS">
          <params>
            <param index="0">
              <value>
                <![CDATA[chrome]]>
              </value>
            </param>
          </params>
          <reporter-output>
          </reporter-output>
        </test-method> <!-- setup -->
        <test-method signature="loginTest()[pri:0, instance:com.inetbanking.testCases.TC_LoginTest_001@36c88a32]" started-at="2023-06-26T00:26:48 IST" name="loginTest" finished-at="2023-06-26T00:26:53 IST" duration-ms="4928" status="PASS">
          <reporter-output>
          </reporter-output>
        </test-method> <!-- loginTest -->
        <test-method is-config="true" signature="tearDown()[pri:0, instance:com.inetbanking.testCases.TC_LoginTest_001@36c88a32]" started-at="2023-06-26T00:26:53 IST" name="tearDown" finished-at="2023-06-26T00:26:54 IST" duration-ms="478" status="PASS">
          <reporter-output>
          </reporter-output>
        </test-method> <!-- tearDown -->
      </class> <!-- com.inetbanking.testCases.TC_LoginTest_001 -->
      <class name="com.inetbanking.testCases.TC_AddCustomerTest_003">
        <test-method is-config="true" signature="setup(java.lang.String)[pri:0, instance:com.inetbanking.testCases.TC_AddCustomerTest_003@bef2d72]" started-at="2023-06-26T00:26:54 IST" name="setup" finished-at="2023-06-26T00:27:03 IST" duration-ms="9043" status="PASS">
          <params>
            <param index="0">
              <value>
                <![CDATA[chrome]]>
              </value>
            </param>
          </params>
          <reporter-output>
          </reporter-output>
        </test-method> <!-- setup -->
        <test-method signature="addNewCustomer()[pri:0, instance:com.inetbanking.testCases.TC_AddCustomerTest_003@bef2d72]" started-at="2023-06-26T00:27:03 IST" name="addNewCustomer" finished-at="2023-06-26T00:27:34 IST" duration-ms="30917" status="PASS">
          <reporter-output>
          </reporter-output>
        </test-method> <!-- addNewCustomer -->
        <test-method is-config="true" signature="tearDown()[pri:0, instance:com.inetbanking.testCases.TC_AddCustomerTest_003@bef2d72]" started-at="2023-06-26T00:27:34 IST" name="tearDown" finished-at="2023-06-26T00:27:34 IST" duration-ms="557" status="PASS">
          <reporter-output>
          </reporter-output>
        </test-method> <!-- tearDown -->
      </class> <!-- com.inetbanking.testCases.TC_AddCustomerTest_003 -->
    </test> <!-- BankingApp Test -->
  </suite> <!-- InetBankingV1 -->
</testng-results>
